[INFO] output of locale.getdefaultlocale(): ('en_US', 'utf_8_export')
[INFO] encoding we chose in the end: ascii
[INFO] Running command /usr/local/Cellar/infer/0.12.1/lib/infer/infer/bin/../lib/python/infer.py --analyzer infer -j 4 --project-root /Users/chris/Downloads/app-evolution-toolkit/SP2/Android/MDU-master --out /Users/chris/Downloads/app-evolution-toolkit/SP2/Android/MDU-master/infer-out -- ./gradlew build
[INFO] Path to infer script /usr/local/Cellar/infer/0.12.1/lib/infer/infer/bin/../lib/python/infer.py (/usr/local/Cellar/infer/0.12.1/lib/infer/infer/lib/python/infer.py)
[INFO] Platform: Darwin-16.0.0-x86_64-i386-64bit
[INFO] PATH=/Users/chris/.rbenv/shims:/Users/chris/.rbenv/shims:/Library/Frameworks/Python.framework/Versions/3.6/bin:/Library/Frameworks/Python.framework/Versions/2.7/bin:/Users/chris/anaconda/bin:/usr/local/bin:/usr/bin:/bin:/usr/sbin:/sbinexport
[INFO] SHELL=/bin/bash
[INFO] PWD=/Users/chris/Downloads/app-evolution-toolkit/SP2/Android/MDU-master
[INFO] Running with:

------------------------------------------------------------
Gradle 2.2.1
------------------------------------------------------------

Build time:   2014-11-24 09:45:35 UTC
Build number: none
Revision:     6fcb59c06f43a4e6b1bcb401f7686a8601a1fb4a

Groovy:       2.3.6
Ant:          Apache Ant(TM) version 1.9.3 compiled on December 23 2013
JVM:          1.8.0_25 (Oracle Corporation 25.25-b02)
OS:           Mac OS X 10.12 x86_64


[ERROR] Error during capture phase, exiting
